# JRE version: Java(TM) SE Runtime Environment (15.0.2+7) (build 15.0.2+7-27)
# Java VM: Java HotSpot(TM) 64-Bit Server VM (15.0.2+7-27, mixed mode, sharing, tiered, compressed oops, g1 gc, windows-amd64)
GC Precious Log:
 CPUs: 8 total, 8 available
 Memory: 8109M
 Large Page Support: Disabled
 NUMA Support: Disabled
 Compressed Oops: Enabled (32-bit)
 Heap Region Size: 1M
 Heap Min Capacity: 8M
 Heap Initial Capacity: 128M
 Heap Max Capacity: 2028M
 Pre-touch: Disabled
 Parallel Workers: 8
 Concurrent Workers: 2
 Concurrent Refinement Workers: 8
 Periodic GC: Disabled
Heap:
 garbage-first heap   total 412672K, used 218624K [0x0000000081400000, 0x0000000100000000)
  region size 1024K, 63 young (64512K), 3 survivors (3072K)
 Metaspace       used 15379K, capacity 15643K, committed 15744K, reserved 1062912K
  class space    used 1533K, capacity 1603K, committed 1664K, reserved 1048576K
GC Heap History (20 events):
Event: 11.444 GC heap before
{Heap before GC invocations=14 (full 0):
 garbage-first heap   total 220160K, used 131906K [0x0000000081400000, 0x0000000100000000)
  region size 1024K, 7 young (7168K), 1 survivors (1024K)
 Metaspace       used 11483K, capacity 11697K, committed 11904K, reserved 1060864K
  class space    used 1245K, capacity 1312K, committed 1408K, reserved 1048576K
}
Event: 11.446 GC heap after
{Heap after GC invocations=15 (full 0):
 garbage-first heap   total 220160K, used 126025K [0x0000000081400000, 0x0000000100000000)
  region size 1024K, 1 young (1024K), 1 survivors (1024K)
 Metaspace       used 11483K, capacity 11697K, committed 11904K, reserved 1060864K
  class space    used 1245K, capacity 1312K, committed 1408K, reserved 1048576K
}
Event: 11.621 GC heap before
{Heap before GC invocations=16 (full 0):
 garbage-first heap   total 220160K, used 151625K [0x0000000081400000, 0x0000000100000000)
  region size 1024K, 27 young (27648K), 1 survivors (1024K)
 Metaspace       used 11526K, capacity 11761K, committed 11904K, reserved 1060864K
  class space    used 1245K, capacity 1312K, committed 1408K, reserved 1048576K
}
Event: 11.630 GC heap after
{Heap after GC invocations=17 (full 0):
 garbage-first heap   total 412672K, used 141141K [0x0000000081400000, 0x0000000100000000)
  region size 1024K, 4 young (4096K), 4 survivors (4096K)
 Metaspace       used 11526K, capacity 11761K, committed 11904K, reserved 1060864K
  class space    used 1245K, capacity 1312K, committed 1408K, reserved 1048576K
}
Event: 100.244 GC heap before
{Heap before GC invocations=18 (full 0):
 garbage-first heap   total 412672K, used 269141K [0x0000000081400000, 0x0000000100000000)
  region size 1024K, 110 young (112640K), 4 survivors (4096K)
 Metaspace       used 15056K, capacity 15259K, committed 15488K, reserved 1062912K
  class space    used 1531K, capacity 1603K, committed 1664K, reserved 1048576K
}
Event: 100.288 GC heap after
{Heap after GC invocations=19 (full 0):
 garbage-first heap   total 412672K, used 216064K [0x0000000081400000, 0x0000000100000000)
  region size 1024K, 14 young (14336K), 14 survivors (14336K)
 Metaspace       used 15056K, capacity 15259K, committed 15488K, reserved 1062912K
  class space    used 1531K, capacity 1603K, committed 1664K, reserved 1048576K
}
Event: 100.358 GC heap before
{Heap before GC invocations=19 (full 0):
 garbage-first heap   total 412672K, used 248832K [0x0000000081400000, 0x0000000100000000)
  region size 1024K, 47 young (48128K), 14 survivors (14336K)
 Metaspace       used 15056K, capacity 15259K, committed 15488K, reserved 1062912K
  class space    used 1531K, capacity 1603K, committed 1664K, reserved 1048576K
}
Event: 100.376 GC heap after
{Heap after GC invocations=20 (full 0):
 garbage-first heap   total 412672K, used 237056K [0x0000000081400000, 0x0000000100000000)
  region size 1024K, 9 young (9216K), 9 survivors (9216K)
 Metaspace       used 15056K, capacity 15259K, committed 15488K, reserved 1062912K
  class space    used 1531K, capacity 1603K, committed 1664K, reserved 1048576K
}
Event: 100.524 GC heap before
{Heap before GC invocations=21 (full 0):
 garbage-first heap   total 412672K, used 209408K [0x0000000081400000, 0x0000000100000000)
  region size 1024K, 58 young (59392K), 9 survivors (9216K)
 Metaspace       used 15061K, capacity 15259K, committed 15488K, reserved 1062912K
  class space    used 1531K, capacity 1603K, committed 1664K, reserved 1048576K
}
Event: 100.548 GC heap after
{Heap after GC invocations=22 (full 0):
 garbage-first heap   total 412672K, used 182784K [0x0000000081400000, 0x0000000100000000)
  region size 1024K, 8 young (8192K), 8 survivors (8192K)
 Metaspace       used 15061K, capacity 15259K, committed 15488K, reserved 1062912K
  class space    used 1531K, capacity 1603K, committed 1664K, reserved 1048576K
}
Event: 100.581 GC heap before
{Heap before GC invocations=22 (full 0):
 garbage-first heap   total 412672K, used 195072K [0x0000000081400000, 0x0000000100000000)
  region size 1024K, 20 young (20480K), 8 survivors (8192K)
 Metaspace       used 15061K, capacity 15259K, committed 15488K, reserved 1062912K
  class space    used 1531K, capacity 1603K, committed 1664K, reserved 1048576K
}
Event: 100.634 GC heap after
{Heap after GC invocations=23 (full 0):
 garbage-first heap   total 412672K, used 161792K [0x0000000081400000, 0x0000000100000000)
  region size 1024K, 3 young (3072K), 3 survivors (3072K)
 Metaspace       used 15061K, capacity 15259K, committed 15488K, reserved 1062912K
  class space    used 1531K, capacity 1603K, committed 1664K, reserved 1048576K
}
Event: 189.325 GC heap before
{Heap before GC invocations=23 (full 0):
 garbage-first heap   total 412672K, used 251904K [0x0000000081400000, 0x0000000100000000)
  region size 1024K, 79 young (80896K), 3 survivors (3072K)
 Metaspace       used 15221K, capacity 15451K, committed 15744K, reserved 1062912K
  class space    used 1531K, capacity 1603K, committed 1664K, reserved 1048576K
}
Event: 189.349 GC heap after
{Heap after GC invocations=24 (full 0):
 garbage-first heap   total 412672K, used 218112K [0x0000000081400000, 0x0000000100000000)
  region size 1024K, 10 young (10240K), 10 survivors (10240K)
 Metaspace       used 15221K, capacity 15451K, committed 15744K, reserved 1062912K
  class space    used 1531K, capacity 1603K, committed 1664K, reserved 1048576K
}
Event: 189.386 GC heap before
{Heap before GC invocations=24 (full 0):
 garbage-first heap   total 412672K, used 231424K [0x0000000081400000, 0x0000000100000000)
  region size 1024K, 24 young (24576K), 10 survivors (10240K)
 Metaspace       used 15221K, capacity 15451K, committed 15744K, reserved 1062912K
  class space    used 1531K, capacity 1603K, committed 1664K, reserved 1048576K
}
Event: 189.403 GC heap after
{Heap after GC invocations=25 (full 0):
 garbage-first heap   total 412672K, used 228568K [0x0000000081400000, 0x0000000100000000)
  region size 1024K, 9 young (9216K), 9 survivors (9216K)
 Metaspace       used 15221K, capacity 15451K, committed 15744K, reserved 1062912K
  class space    used 1531K, capacity 1603K, committed 1664K, reserved 1048576K
}
Event: 189.543 GC heap before
{Heap before GC invocations=26 (full 0):
 garbage-first heap   total 412672K, used 209112K [0x0000000081400000, 0x0000000100000000)
  region size 1024K, 68 young (69632K), 9 survivors (9216K)
 Metaspace       used 15221K, capacity 15451K, committed 15744K, reserved 1062912K
  class space    used 1531K, capacity 1603K, committed 1664K, reserved 1048576K
}
Event: 189.572 GC heap after
{Heap after GC invocations=27 (full 0):
 garbage-first heap   total 412672K, used 182656K [0x0000000081400000, 0x0000000100000000)
  region size 1024K, 9 young (9216K), 9 survivors (9216K)
 Metaspace       used 15221K, capacity 15451K, committed 15744K, reserved 1062912K
  class space    used 1531K, capacity 1603K, committed 1664K, reserved 1048576K
}
Event: 189.596 GC heap before
{Heap before GC invocations=27 (full 0):
 garbage-first heap   total 412672K, used 193920K [0x0000000081400000, 0x0000000100000000)
  region size 1024K, 20 young (20480K), 9 survivors (9216K)
 Metaspace       used 15221K, capacity 15451K, committed 15744K, reserved 1062912K
  class space    used 1531K, capacity 1603K, committed 1664K, reserved 1048576K
}
Event: 189.611 GC heap after
{Heap after GC invocations=28 (full 0):
 garbage-first heap   total 412672K, used 157184K [0x0000000081400000, 0x0000000100000000)
  region size 1024K, 3 young (3072K), 3 survivors (3072K)
 Metaspace       used 15221K, capacity 15451K, committed 15744K, reserved 1062912K
  class space    used 1531K, capacity 1603K, committed 1664K, reserved 1048576K
}

